# JRE version: OpenJDK Runtime Environment (8.0_202-b03) (build 1.8.0_202-release-1483-b03)
# Java VM: OpenJDK 64-Bit Server VM (25.202-b03 mixed mode windows-amd64 compressed oops)
Heap:
 PSYoungGen      total 31744K, used 1329K [0x00000000e0000000, 0x00000000e2100000, 0x0000000100000000)
  eden space 29696K, 4% used [0x00000000e0000000,0x00000000e014c560,0x00000000e1d00000)
  from space 2048K, 0% used [0x00000000e1d00000,0x00000000e1d00000,0x00000000e1f00000)
  to   space 2048K, 0% used [0x00000000e1f00000,0x00000000e1f00000,0x00000000e2100000)
 ParOldGen       total 38400K, used 7132K [0x00000000a0000000, 0x00000000a2580000, 0x00000000e0000000)
  object space 38400K, 18% used [0x00000000a0000000,0x00000000a06f73b8,0x00000000a2580000)
 Metaspace       used 23820K, capacity 24256K, committed 24832K, reserved 1075200K
  class space    used 3333K, capacity 3481K, committed 3584K, reserved 1048576K
GC Heap History (10 events):
Event: 26.321 GC heap before
{Heap before GC invocations=19 (full 6):
 PSYoungGen      total 31744K, used 858K [0x00000000e0000000, 0x00000000e2100000, 0x0000000100000000)
  eden space 29696K, 0% used [0x00000000e0000000,0x00000000e0000000,0x00000000e1d00000)
  from space 2048K, 41% used [0x00000000e1d00000,0x00000000e1dd6868,0x00000000e1f00000)
  to   space 2048K, 0% used [0x00000000e1f00000,0x00000000e1f00000,0x00000000e2100000)
 ParOldGen       total 38400K, used 8471K [0x00000000a0000000, 0x00000000a2580000, 0x00000000e0000000)
  object space 38400K, 22% used [0x00000000a0000000,0x00000000a0845e10,0x00000000a2580000)
 Metaspace       used 23939K, capacity 24420K, committed 24576K, reserved 1077248K
  class space    used 3357K, capacity 3507K, committed 3584K, reserved 1048576K
Event: 26.380 GC heap after
Heap after GC invocations=19 (full 6):
 PSYoungGen      total 31744K, used 0K [0x00000000e0000000, 0x00000000e2100000, 0x0000000100000000)
  eden space 29696K, 0% used [0x00000000e0000000,0x00000000e0000000,0x00000000e1d00000)
  from space 2048K, 0% used [0x00000000e1d00000,0x00000000e1d00000,0x00000000e1f00000)
  to   space 2048K, 0% used [0x00000000e1f00000,0x00000000e1f00000,0x00000000e2100000)
 ParOldGen       total 38400K, used 8828K [0x00000000a0000000, 0x00000000a2580000, 0x00000000e0000000)
  object space 38400K, 22% used [0x00000000a0000000,0x00000000a089f240,0x00000000a2580000)
 Metaspace       used 23939K, capacity 24420K, committed 24576K, reserved 1075200K
  class space    used 3357K, capacity 3507K, committed 3584K, reserved 1048576K
}
Event: 26.381 GC heap before
{Heap before GC invocations=20 (full 6):
 PSYoungGen      total 31744K, used 0K [0x00000000e0000000, 0x00000000e2100000, 0x0000000100000000)
  eden space 29696K, 0% used [0x00000000e0000000,0x00000000e0000000,0x00000000e1d00000)
  from space 2048K, 0% used [0x00000000e1d00000,0x00000000e1d00000,0x00000000e1f00000)
  to   space 2048K, 0% used [0x00000000e1f00000,0x00000000e1f00000,0x00000000e2100000)
 ParOldGen       total 38400K, used 8828K [0x00000000a0000000, 0x00000000a2580000, 0x00000000e0000000)
  object space 38400K, 22% used [0x00000000a0000000,0x00000000a089f240,0x00000000a2580000)
 Metaspace       used 23939K, capacity 24420K, committed 24576K, reserved 1079296K
  class space    used 3357K, capacity 3507K, committed 3584K, reserved 1048576K
Event: 26.383 GC heap after
Heap after GC invocations=20 (full 6):
 PSYoungGen      total 31744K, used 0K [0x00000000e0000000, 0x00000000e2100000, 0x0000000100000000)
  eden space 29696K, 0% used [0x00000000e0000000,0x00000000e0000000,0x00000000e1d00000)
  from space 2048K, 0% used [0x00000000e1f00000,0x00000000e1f00000,0x00000000e2100000)
  to   space 2048K, 0% used [0x00000000e1d00000,0x00000000e1d00000,0x00000000e1f00000)
 ParOldGen       total 38400K, used 8828K [0x00000000a0000000, 0x00000000a2580000, 0x00000000e0000000)
  object space 38400K, 22% used [0x00000000a0000000,0x00000000a089f240,0x00000000a2580000)
 Metaspace       used 23939K, capacity 24420K, committed 24576K, reserved 1079296K
  class space    used 3357K, capacity 3507K, committed 3584K, reserved 1048576K
}
Event: 26.383 GC heap before
{Heap before GC invocations=21 (full 7):
 PSYoungGen      total 31744K, used 0K [0x00000000e0000000, 0x00000000e2100000, 0x0000000100000000)
  eden space 29696K, 0% used [0x00000000e0000000,0x00000000e0000000,0x00000000e1d00000)
  from space 2048K, 0% used [0x00000000e1f00000,0x00000000e1f00000,0x00000000e2100000)
  to   space 2048K, 0% used [0x00000000e1d00000,0x00000000e1d00000,0x00000000e1f00000)
 ParOldGen       total 38400K, used 8828K [0x00000000a0000000, 0x00000000a2580000, 0x00000000e0000000)
  object space 38400K, 22% used [0x00000000a0000000,0x00000000a089f240,0x00000000a2580000)
 Metaspace       used 23939K, capacity 24420K, committed 24576K, reserved 1079296K
  class space    used 3357K, capacity 3507K, committed 3584K, reserved 1048576K
Event: 26.509 GC heap after
Heap after GC invocations=21 (full 7):
 PSYoungGen      total 31744K, used 0K [0x00000000e0000000, 0x00000000e2100000, 0x0000000100000000)
  eden space 29696K, 0% used [0x00000000e0000000,0x00000000e0000000,0x00000000e1d00000)
  from space 2048K, 0% used [0x00000000e1f00000,0x00000000e1f00000,0x00000000e2100000)
  to   space 2048K, 0% used [0x00000000e1d00000,0x00000000e1d00000,0x00000000e1f00000)
 ParOldGen       total 38400K, used 7456K [0x00000000a0000000, 0x00000000a2580000, 0x00000000e0000000)
  object space 38400K, 19% used [0x00000000a0000000,0x00000000a0748350,0x00000000a2580000)
 Metaspace       used 23749K, capacity 24100K, committed 24576K, reserved 1075200K
  class space    used 3321K, capacity 3439K, committed 3584K, reserved 1048576K
}
Event: 26.535 GC heap before
{Heap before GC invocations=22 (full 7):
 PSYoungGen      total 31744K, used 1050K [0x00000000e0000000, 0x00000000e2100000, 0x0000000100000000)
  eden space 29696K, 3% used [0x00000000e0000000,0x00000000e0106b30,0x00000000e1d00000)
  from space 2048K, 0% used [0x00000000e1f00000,0x00000000e1f00000,0x00000000e2100000)
  to   space 2048K, 0% used [0x00000000e1d00000,0x00000000e1d00000,0x00000000e1f00000)
 ParOldGen       total 38400K, used 7456K [0x00000000a0000000, 0x00000000a2580000, 0x00000000e0000000)
  object space 38400K, 19% used [0x00000000a0000000,0x00000000a0748350,0x00000000a2580000)
 Metaspace       used 23753K, capacity 24100K, committed 24576K, reserved 1081344K
  class space    used 3322K, capacity 3439K, committed 3584K, reserved 1048576K
Event: 26.537 GC heap after
Heap after GC invocations=22 (full 7):
 PSYoungGen      total 31744K, used 128K [0x00000000e0000000, 0x00000000e2100000, 0x0000000100000000)
  eden space 29696K, 0% used [0x00000000e0000000,0x00000000e0000000,0x00000000e1d00000)
  from space 2048K, 6% used [0x00000000e1d00000,0x00000000e1d20000,0x00000000e1f00000)
  to   space 2048K, 0% used [0x00000000e1f00000,0x00000000e1f00000,0x00000000e2100000)
 ParOldGen       total 38400K, used 7456K [0x00000000a0000000, 0x00000000a2580000, 0x00000000e0000000)
  object space 38400K, 19% used [0x00000000a0000000,0x00000000a0748350,0x00000000a2580000)
 Metaspace       used 23753K, capacity 24100K, committed 24576K, reserved 1081344K
  class space    used 3322K, capacity 3439K, committed 3584K, reserved 1048576K
}
Event: 26.537 GC heap before
{Heap before GC invocations=23 (full 8):
 PSYoungGen      total 31744K, used 128K [0x00000000e0000000, 0x00000000e2100000, 0x0000000100000000)
  eden space 29696K, 0% used [0x00000000e0000000,0x00000000e0000000,0x00000000e1d00000)
  from space 2048K, 6% used [0x00000000e1d00000,0x00000000e1d20000,0x00000000e1f00000)
  to   space 2048K, 0% used [0x00000000e1f00000,0x00000000e1f00000,0x00000000e2100000)
 ParOldGen       total 38400K, used 7456K [0x00000000a0000000, 0x00000000a2580000, 0x00000000e0000000)
  object space 38400K, 19% used [0x00000000a0000000,0x00000000a0748350,0x00000000a2580000)
 Metaspace       used 23753K, capacity 24100K, committed 24576K, reserved 1081344K
  class space    used 3322K, capacity 3439K, committed 3584K, reserved 1048576K
Event: 26.588 GC heap after
Heap after GC invocations=23 (full 8):
 PSYoungGen      total 31744K, used 0K [0x00000000e0000000, 0x00000000e2100000, 0x0000000100000000)
  eden space 29696K, 0% used [0x00000000e0000000,0x00000000e0000000,0x00000000e1d00000)
  from space 2048K, 0% used [0x00000000e1d00000,0x00000000e1d00000,0x00000000e1f00000)
  to   space 2048K, 0% used [0x00000000e1f00000,0x00000000e1f00000,0x00000000e2100000)
 ParOldGen       total 38400K, used 7132K [0x00000000a0000000, 0x00000000a2580000, 0x00000000e0000000)
  object space 38400K, 18% used [0x00000000a0000000,0x00000000a06f73b8,0x00000000a2580000)
 Metaspace       used 23753K, capacity 24100K, committed 24576K, reserved 1075200K
  class space    used 3322K, capacity 3439K, committed 3584K, reserved 1048576K
}

